This file contains any messages produced by compilers while
running configure, to aid debugging if configure makes a mistake.

It was created by AMON-SENSS configure 1.1, which was
generated by GNU Autoconf 2.69.  Invocation command line was

  $ ./configure 

## --------- ##
## Platform. ##
## --------- ##

hostname = oracle
uname -m = x86_64
uname -r = 4.15.0-47-generic
uname -s = Linux
uname -v = #50-Ubuntu SMP Wed Mar 13 10:44:52 UTC 2019

/usr/bin/uname -p = unknown
/bin/uname -X     = unknown

/bin/arch              = unknown
/usr/bin/arch -k       = unknown
/usr/convex/getsysinfo = unknown
/usr/bin/hostinfo      = unknown
/bin/machine           = unknown
/usr/bin/oslevel       = unknown
/bin/universe          = unknown

PATH: /mnt/local/sivaram/miniconda2/bin
PATH: /users/sivaram/perl5/bin
PATH: /usr/local/sbin
PATH: /usr/local/bin
PATH: /usr/sbin
PATH: /usr/bin
PATH: /sbin
PATH: /bin
PATH: /snap/bin


## ----------- ##
## Core tests. ##
## ----------- ##

configure:2383: checking for a BSD-compatible install
configure:2451: result: /usr/bin/install -c
configure:2462: checking whether build environment is sane
configure:2517: result: yes
configure:2668: checking for a thread-safe mkdir -p
configure:2707: result: /bin/mkdir -p
configure:2714: checking for gawk
configure:2744: result: no
configure:2714: checking for mawk
configure:2730: found /usr/bin/mawk
configure:2741: result: mawk
configure:2752: checking whether make sets $(MAKE)
configure:2774: result: yes
configure:2803: checking whether make supports nested variables
configure:2820: result: yes
configure:3006: checking for g++
configure:3022: found /usr/bin/g++
configure:3033: result: g++
configure:3060: checking for C++ compiler version
configure:3069: g++ --version >&5
g++ (Ubuntu 7.4.0-1ubuntu1~18.04) 7.4.0
Copyright (C) 2017 Free Software Foundation, Inc.
This is free software; see the source for copying conditions.  There is NO
warranty; not even for MERCHANTABILITY or FITNESS FOR A PARTICULAR PURPOSE.

configure:3080: $? = 0
configure:3069: g++ -v >&5
Using built-in specs.
COLLECT_GCC=g++
COLLECT_LTO_WRAPPER=/usr/lib/gcc/x86_64-linux-gnu/7/lto-wrapper
OFFLOAD_TARGET_NAMES=nvptx-none
OFFLOAD_TARGET_DEFAULT=1
Target: x86_64-linux-gnu
Configured with: ../src/configure -v --with-pkgversion='Ubuntu 7.4.0-1ubuntu1~18.04' --with-bugurl=file:///usr/share/doc/gcc-7/README.Bugs --enable-languages=c,ada,c++,go,brig,d,fortran,objc,obj-c++ --prefix=/usr --with-gcc-major-version-only --program-suffix=-7 --program-prefix=x86_64-linux-gnu- --enable-shared --enable-linker-build-id --libexecdir=/usr/lib --without-included-gettext --enable-threads=posix --libdir=/usr/lib --enable-nls --with-sysroot=/ --enable-clocale=gnu --enable-libstdcxx-debug --enable-libstdcxx-time=yes --with-default-libstdcxx-abi=new --enable-gnu-unique-object --disable-vtable-verify --enable-libmpx --enable-plugin --enable-default-pie --with-system-zlib --with-target-system-zlib --enable-objc-gc=auto --enable-multiarch --disable-werror --with-arch-32=i686 --with-abi=m64 --with-multilib-list=m32,m64,mx32 --enable-multilib --with-tune=generic --enable-offload-targets=nvptx-none --without-cuda-driver --enable-checking=release --build=x86_64-linux-gnu --host=x86_64-linux-gnu --target=x86_64-linux-gnu
Thread model: posix
gcc version 7.4.0 (Ubuntu 7.4.0-1ubuntu1~18.04) 
configure:3080: $? = 0
configure:3069: g++ -V >&5
g++: error: unrecognized command line option '-V'
g++: fatal error: no input files
compilation terminated.
configure:3080: $? = 1
configure:3069: g++ -qversion >&5
g++: error: unrecognized command line option '-qversion'; did you mean '--version'?
g++: fatal error: no input files
compilation terminated.
configure:3080: $? = 1
configure:3100: checking whether the C++ compiler works
configure:3122: g++    conftest.cpp  >&5
Reading config file as.config ...Parm file_interval val 3600
Parm attack_low val 120
Parm attack_high val 240
Parm min_train val 20
Parm numstd val 5
Parm report_thresh val 3
Parm spec_thresh val 0.05
Parm filter_thresh val 0.7
Parm no_orphan val 1
Parm max_oci val 100
Parm max_flows val 100000
as: invalid option -- '-'
You must specify an input folder, which holds Netflow records
configure:3126: $? = 1
configure:3164: result: no
configure: failed program was:
| /* confdefs.h */
| #define PACKAGE_NAME "AMON-SENSS"
| #define PACKAGE_TARNAME "amon-senss"
| #define PACKAGE_VERSION "1.1"
| #define PACKAGE_STRING "AMON-SENSS 1.1"
| #define PACKAGE_BUGREPORT "sunshine@isi.edu"
| #define PACKAGE_URL ""
| #define PACKAGE "amon-senss"
| #define VERSION "1.1"
| /* end confdefs.h.  */
| 
| int
| main ()
| {
| 
|   ;
|   return 0;
| }
configure:3169: error: in `/var/www/html/Client/AMON-SENSS':
configure:3171: error: C++ compiler cannot create executables
See `config.log' for more details

## ---------------- ##
## Cache variables. ##
## ---------------- ##

ac_cv_env_CCC_set=
ac_cv_env_CCC_value=
ac_cv_env_CC_set=
ac_cv_env_CC_value=
ac_cv_env_CFLAGS_set=
ac_cv_env_CFLAGS_value=
ac_cv_env_CPPFLAGS_set=
ac_cv_env_CPPFLAGS_value=
ac_cv_env_CPP_set=
ac_cv_env_CPP_value=
ac_cv_env_CXXFLAGS_set=
ac_cv_env_CXXFLAGS_value=
ac_cv_env_CXX_set=
ac_cv_env_CXX_value=
ac_cv_env_LDFLAGS_set=
ac_cv_env_LDFLAGS_value=
ac_cv_env_LIBS_set=
ac_cv_env_LIBS_value=
ac_cv_env_build_alias_set=
ac_cv_env_build_alias_value=
ac_cv_env_host_alias_set=
ac_cv_env_host_alias_value=
ac_cv_env_target_alias_set=
ac_cv_env_target_alias_value=
ac_cv_path_install='/usr/bin/install -c'
ac_cv_path_mkdir=/bin/mkdir
ac_cv_prog_AWK=mawk
ac_cv_prog_ac_ct_CXX=g++
ac_cv_prog_make_make_set=yes
am_cv_make_support_nested_variables=yes

## ----------------- ##
## Output variables. ##
## ----------------- ##

ACLOCAL='${SHELL} /var/www/html/Client/AMON-SENSS/missing aclocal-1.15'
AMDEPBACKSLASH=''
AMDEP_FALSE=''
AMDEP_TRUE=''
AMTAR='$${TAR-tar}'
AM_BACKSLASH='\'
AM_DEFAULT_V='$(AM_DEFAULT_VERBOSITY)'
AM_DEFAULT_VERBOSITY='1'
AM_V='$(V)'
AUTOCONF='${SHELL} /var/www/html/Client/AMON-SENSS/missing autoconf'
AUTOHEADER='${SHELL} /var/www/html/Client/AMON-SENSS/missing autoheader'
AUTOMAKE='${SHELL} /var/www/html/Client/AMON-SENSS/missing automake-1.15'
AWK='mawk'
CC=''
CCDEPMODE=''
CFLAGS=''
CPP=''
CPPFLAGS=''
CXX='g++'
CXXDEPMODE=''
CXXFLAGS=''
CYGPATH_W='echo'
DEFS=''
DEPDIR=''
ECHO_C=''
ECHO_N='-n'
ECHO_T=''
EGREP=''
EXEEXT=''
GREP=''
INSTALL_DATA='${INSTALL} -m 644'
INSTALL_PROGRAM='${INSTALL}'
INSTALL_SCRIPT='${INSTALL}'
INSTALL_STRIP_PROGRAM='$(install_sh) -c -s'
LDFLAGS=''
LIBOBJS=''
LIBS=''
LTLIBOBJS=''
MAKEINFO='${SHELL} /var/www/html/Client/AMON-SENSS/missing makeinfo'
MKDIR_P='/bin/mkdir -p'
OBJEXT=''
PACKAGE='amon-senss'
PACKAGE_BUGREPORT='sunshine@isi.edu'
PACKAGE_NAME='AMON-SENSS'
PACKAGE_STRING='AMON-SENSS 1.1'
PACKAGE_TARNAME='amon-senss'
PACKAGE_URL=''
PACKAGE_VERSION='1.1'
PATH_SEPARATOR=':'
POW_LIB=''
SET_MAKE=''
SHELL='/bin/bash'
STRIP=''
VERSION='1.1'
ac_ct_CC=''
ac_ct_CXX='g++'
am__EXEEXT_FALSE=''
am__EXEEXT_TRUE=''
am__fastdepCC_FALSE=''
am__fastdepCC_TRUE=''
am__fastdepCXX_FALSE=''
am__fastdepCXX_TRUE=''
am__include=''
am__isrc=''
am__leading_dot='.'
am__nodep=''
am__quote=''
am__tar='$${TAR-tar} chof - "$$tardir"'
am__untar='$${TAR-tar} xf -'
bindir='${exec_prefix}/bin'
build_alias=''
datadir='${datarootdir}'
datarootdir='${prefix}/share'
docdir='${datarootdir}/doc/${PACKAGE_TARNAME}'
dvidir='${docdir}'
exec_prefix='NONE'
host_alias=''
htmldir='${docdir}'
includedir='${prefix}/include'
infodir='${datarootdir}/info'
install_sh='${SHELL} /var/www/html/Client/AMON-SENSS/install-sh'
libdir='${exec_prefix}/lib'
libexecdir='${exec_prefix}/libexec'
localedir='${datarootdir}/locale'
localstatedir='${prefix}/var'
mandir='${datarootdir}/man'
mkdir_p='$(MKDIR_P)'
oldincludedir='/usr/include'
pdfdir='${docdir}'
prefix='NONE'
program_transform_name='s,x,x,'
psdir='${docdir}'
runstatedir='${localstatedir}/run'
sbindir='${exec_prefix}/sbin'
sharedstatedir='${prefix}/com'
sysconfdir='${prefix}/etc'
target_alias=''

## ----------- ##
## confdefs.h. ##
## ----------- ##

/* confdefs.h */
#define PACKAGE_NAME "AMON-SENSS"
#define PACKAGE_TARNAME "amon-senss"
#define PACKAGE_VERSION "1.1"
#define PACKAGE_STRING "AMON-SENSS 1.1"
#define PACKAGE_BUGREPORT "sunshine@isi.edu"
#define PACKAGE_URL ""
#define PACKAGE "amon-senss"
#define VERSION "1.1"

configure: exit 77
